Using pre-set license
Built from '2020.3/staging' branch; Version is '2020.3.28f1 (f5400f52e03f) revision 16072719'; Using compiler version '192528614'; Build Type 'Release'
OS: 'Windows 10  (10.0.19042) 64bit Enterprise' Language: 'en' Physical Memory: 7924 MB
BatchMode: 1, IsHumanControllingUs: 0, StartBugReporterOnCrash: 0, Is64bit: 1, IsPro: 0

COMMAND LINE ARGUMENTS:
C:\Program Files\Unity 2020.3.28f1\Editor\Unity.exe
-adb2
-batchMode
-noUpm
-name
AssetImportWorker0
-projectPath
C:/Users/3c4c85315ffd79ce/Documents/GitHub/TowerDefense/TowerDefense
-logFile
Logs/AssetImportWorker0.log
-srvPort
53833
Successfully changed project path to: C:/Users/3c4c85315ffd79ce/Documents/GitHub/TowerDefense/TowerDefense
C:/Users/3c4c85315ffd79ce/Documents/GitHub/TowerDefense/TowerDefense
Using Asset Import Pipeline V2.
Refreshing native plugins compatible for Editor in 32.94 ms, found 2 plugins.
Preloading 0 native plugins for Editor in 0.00 ms.
Initialize engine version: 2020.3.28f1 (f5400f52e03f)
[Subsystems] Discovering subsystems at path C:/Program Files/Unity 2020.3.28f1/Editor/Data/Resources/UnitySubsystems
[Subsystems] Discovering subsystems at path C:/Users/3c4c85315ffd79ce/Documents/GitHub/TowerDefense/TowerDefense/Assets
GfxDevice: creating device client; threaded=0
Direct3D:
    Version:  Direct3D 11.0 [level 11.1]
    Renderer: Intel(R) UHD Graphics 630 (ID=0x9bc8)
    Vendor:   
    VRAM:     3962 MB
    Driver:   27.20.100.9268
Initialize mono
Mono path[0] = 'C:/Program Files/Unity 2020.3.28f1/Editor/Data/Managed'
Mono path[1] = 'C:/Program Files/Unity 2020.3.28f1/Editor/Data/MonoBleedingEdge/lib/mono/unityjit'
Mono config path = 'C:/Program Files/Unity 2020.3.28f1/Editor/Data/MonoBleedingEdge/etc'
Using monoOptions --debugger-agent=transport=dt_socket,embedding=1,server=y,suspend=n,address=127.0.0.1:56532
Begin MonoManager ReloadAssembly
Registering precompiled unity dll's ...
Register platform support module: C:/Program Files/Unity 2020.3.28f1/Editor/Data/PlaybackEngines/WindowsStandaloneSupport/UnityEditor.WindowsStandalone.Extensions.dll
Registered in 0.153125 seconds.
Native extension for WindowsStandalone target not found
Refreshing native plugins compatible for Editor in 31.29 ms, found 2 plugins.
Preloading 0 native plugins for Editor in 0.00 ms.
Mono: successfully reloaded assembly
- Completed reload, in  3.760 seconds
Domain Reload Profiling:
	ReloadAssembly (3760ms)
		BeginReloadAssembly (2697ms)
			ExecutionOrderSort (0ms)
			DisableScriptedObjects (0ms)
			BackupInstance (0ms)
			ReleaseScriptingObjects (0ms)
			CreateAndSetChildDomain (1ms)
		EndReloadAssembly (736ms)
			LoadAssemblies (2695ms)
			RebuildTransferFunctionScriptingTraits (0ms)
			SetupTypeCache (454ms)
			ReleaseScriptCaches (0ms)
			RebuildScriptCaches (29ms)
			SetupLoadedEditorAssemblies (159ms)
				LogAssemblyErrors (0ms)
				InitializePlatformSupportModulesInManaged (4ms)
				SetLoadedEditorAssemblies (0ms)
				RefreshPlugins (31ms)
				BeforeProcessingInitializeOnLoad (14ms)
				ProcessInitializeOnLoadAttributes (78ms)
				ProcessInitializeOnLoadMethodAttributes (30ms)
				AfterProcessingInitializeOnLoad (0ms)
				EditorAssembliesLoaded (0ms)
			ExecutionOrderSort2 (0ms)
			AwakeInstancesAfterBackupRestoration (0ms)
Platform modules already initialized, skipping
Registering precompiled user dll's ...
Registered in 0.683607 seconds.
Begin MonoManager ReloadAssembly
Native extension for WindowsStandalone target not found
Refreshing native plugins compatible for Editor in 0.37 ms, found 2 plugins.
Preloading 0 native plugins for Editor in 0.00 ms.
Mono: successfully reloaded assembly
- Completed reload, in  3.875 seconds
Domain Reload Profiling:
	ReloadAssembly (3879ms)
		BeginReloadAssembly (139ms)
			ExecutionOrderSort (0ms)
			DisableScriptedObjects (4ms)
			BackupInstance (0ms)
			ReleaseScriptingObjects (0ms)
			CreateAndSetChildDomain (17ms)
		EndReloadAssembly (3685ms)
			LoadAssemblies (1398ms)
			RebuildTransferFunctionScriptingTraits (0ms)
			SetupTypeCache (992ms)
			ReleaseScriptCaches (0ms)
			RebuildScriptCaches (39ms)
			SetupLoadedEditorAssemblies (1172ms)
				LogAssemblyErrors (0ms)
				InitializePlatformSupportModulesInManaged (4ms)
				SetLoadedEditorAssemblies (0ms)
				RefreshPlugins (0ms)
				BeforeProcessingInitializeOnLoad (75ms)
				ProcessInitializeOnLoadAttributes (370ms)
				ProcessInitializeOnLoadMethodAttributes (717ms)
				AfterProcessingInitializeOnLoad (5ms)
				EditorAssembliesLoaded (0ms)
			ExecutionOrderSort2 (0ms)
			AwakeInstancesAfterBackupRestoration (6ms)
Platform modules already initialized, skipping
========================================================================
Worker process is ready to serve import requests
Launched and connected shader compiler UnityShaderCompiler.exe after 0.11 seconds
Refreshing native plugins compatible for Editor in 0.38 ms, found 2 plugins.
Preloading 0 native plugins for Editor in 0.00 ms.
Unloading 1547 Unused Serialized files (Serialized files now loaded: 0)
System memory in use before: 72.8 MB.
System memory in use after: 72.9 MB.

Unloading 19 unused Assets to reduce memory usage. Loaded Objects now: 1986.
Total: 2.590900 ms (FindLiveObjects: 0.142800 ms CreateObjectMapping: 0.053700 ms MarkObjects: 2.333600 ms  DeleteObjects: 0.060100 ms)

AssetImportParameters requested are different than current active one (requested -> active):
  custom:framework-win-MediaFoundation: 216162199b28c13a410421893ffa2e32 -> 
  custom:video-decoder-ogg-theora: a1e56fd34408186e4bbccfd4996cb3dc -> 
  custom:container-muxer-webm: aa71ff27fc2769a1b78a27578f13a17b -> 
  custom:container-demuxer-webm: 4f35f7cbe854078d1ac9338744f61a02 -> 
  custom:container-demuxer-ogg: 62fdf1f143b41e24485cea50d1cbac27 -> 
  custom:video-encoder-webm-vp8: eb34c28f22e8b96e1ab97ce403110664 -> 
  custom:video-decoder-webm-vp8: 9c59270c3fd7afecdb556c50c9e8de78 -> 
  custom:audio-decoder-ogg-vorbis: bf7c407c2cedff20999df2af8eb42d56 -> 
  custom:audio-encoder-webm-vorbis: bf7c407c2cedff20999df2af8eb42d56 -> 
========================================================================
Received Import Request.
  path: Assets/Scenes/Map 3.unity
  artifactKey: Guid(bc000ad1679a27f4c9d6606ce31f66da) Importer(815301076,1909f56bfc062723c751e8b465ee728b)
Start importing Assets/Scenes/Map 3.unity using Guid(bc000ad1679a27f4c9d6606ce31f66da) Importer(815301076,1909f56bfc062723c751e8b465ee728b)  -> (artifact id: '87adf6aa16a33f3293457940cb197b55') in 0.015792 seconds 
  Import took 0.018638 seconds .

========================================================================
Received Import Request.
  Time since last request: 970.937078 seconds.
  path: Assets/Scenes/Map 4.unity
  artifactKey: Guid(22a9d49833a31944b84b17f6c08a2107) Importer(815301076,1909f56bfc062723c751e8b465ee728b)
Start importing Assets/Scenes/Map 4.unity using Guid(22a9d49833a31944b84b17f6c08a2107) Importer(815301076,1909f56bfc062723c751e8b465ee728b)  -> (artifact id: 'bd8d4d89262f5db9e299b65bb3cc1772') in 0.017154 seconds 
  Import took 0.032646 seconds .

========================================================================
Received Prepare
Registering precompiled user dll's ...
Registered in 0.121398 seconds.
Begin MonoManager ReloadAssembly
Native extension for WindowsStandalone target not found
Refreshing native plugins compatible for Editor in 1.14 ms, found 2 plugins.
Preloading 0 native plugins for Editor in 0.00 ms.
Mono: successfully reloaded assembly
- Completed reload, in  2.520 seconds
Domain Reload Profiling:
	ReloadAssembly (2521ms)
		BeginReloadAssembly (368ms)
			ExecutionOrderSort (0ms)
			DisableScriptedObjects (13ms)
			BackupInstance (0ms)
			ReleaseScriptingObjects (0ms)
			CreateAndSetChildDomain (145ms)
		EndReloadAssembly (2011ms)
			LoadAssemblies (302ms)
			RebuildTransferFunctionScriptingTraits (0ms)
			SetupTypeCache (739ms)
			ReleaseScriptCaches (1ms)
			RebuildScriptCaches (97ms)
			SetupLoadedEditorAssemblies (720ms)
				LogAssemblyErrors (0ms)
				InitializePlatformSupportModulesInManaged (13ms)
				SetLoadedEditorAssemblies (1ms)
				RefreshPlugins (1ms)
				BeforeProcessingInitializeOnLoad (185ms)
				ProcessInitializeOnLoadAttributes (485ms)
				ProcessInitializeOnLoadMethodAttributes (23ms)
				AfterProcessingInitializeOnLoad (10ms)
				EditorAssembliesLoaded (1ms)
			ExecutionOrderSort2 (0ms)
			AwakeInstancesAfterBackupRestoration (19ms)
Platform modules already initialized, skipping
Refreshing native plugins compatible for Editor in 0.82 ms, found 2 plugins.
Preloading 0 native plugins for Editor in 0.00 ms.
Unloading 1528 Unused Serialized files (Serialized files now loaded: 0)
System memory in use before: 71.3 MB.
System memory in use after: 71.4 MB.

Unloading 14 unused Assets to reduce memory usage. Loaded Objects now: 1988.
Total: 9.388700 ms (FindLiveObjects: 0.183900 ms CreateObjectMapping: 0.054500 ms MarkObjects: 9.002300 ms  DeleteObjects: 0.141800 ms)

AssetImportParameters requested are different than current active one (requested -> active):
  custom:framework-win-MediaFoundation: 216162199b28c13a410421893ffa2e32 -> 
  custom:video-decoder-ogg-theora: a1e56fd34408186e4bbccfd4996cb3dc -> 
  custom:container-muxer-webm: aa71ff27fc2769a1b78a27578f13a17b -> 
  custom:container-demuxer-webm: 4f35f7cbe854078d1ac9338744f61a02 -> 
  custom:container-demuxer-ogg: 62fdf1f143b41e24485cea50d1cbac27 -> 
  custom:video-encoder-webm-vp8: eb34c28f22e8b96e1ab97ce403110664 -> 
  custom:video-decoder-webm-vp8: 9c59270c3fd7afecdb556c50c9e8de78 -> 
  custom:audio-decoder-ogg-vorbis: bf7c407c2cedff20999df2af8eb42d56 -> 
  custom:audio-encoder-webm-vorbis: bf7c407c2cedff20999df2af8eb42d56 -> 
========================================================================
Received Prepare
Registering precompiled user dll's ...
Registered in 0.003482 seconds.
Begin MonoManager ReloadAssembly
Native extension for WindowsStandalone target not found
Refreshing native plugins compatible for Editor in 0.41 ms, found 2 plugins.
Preloading 0 native plugins for Editor in 0.00 ms.
Mono: successfully reloaded assembly
- Completed reload, in  0.905 seconds
Domain Reload Profiling:
	ReloadAssembly (905ms)
		BeginReloadAssembly (124ms)
			ExecutionOrderSort (0ms)
			DisableScriptedObjects (4ms)
			BackupInstance (0ms)
			ReleaseScriptingObjects (0ms)
			CreateAndSetChildDomain (38ms)
		EndReloadAssembly (715ms)
			LoadAssemblies (90ms)
			RebuildTransferFunctionScriptingTraits (0ms)
			SetupTypeCache (252ms)
			ReleaseScriptCaches (1ms)
			RebuildScriptCaches (35ms)
			SetupLoadedEditorAssemblies (258ms)
				LogAssemblyErrors (0ms)
				InitializePlatformSupportModulesInManaged (4ms)
				SetLoadedEditorAssemblies (1ms)
				RefreshPlugins (0ms)
				BeforeProcessingInitializeOnLoad (67ms)
				ProcessInitializeOnLoadAttributes (172ms)
				ProcessInitializeOnLoadMethodAttributes (8ms)
				AfterProcessingInitializeOnLoad (5ms)
				EditorAssembliesLoaded (0ms)
			ExecutionOrderSort2 (0ms)
			AwakeInstancesAfterBackupRestoration (6ms)
Platform modules already initialized, skipping
Refreshing native plugins compatible for Editor in 0.37 ms, found 2 plugins.
Preloading 0 native plugins for Editor in 0.00 ms.
Unloading 1528 Unused Serialized files (Serialized files now loaded: 0)
System memory in use before: 71.4 MB.
System memory in use after: 71.5 MB.

Unloading 14 unused Assets to reduce memory usage. Loaded Objects now: 1990.
Total: 3.533300 ms (FindLiveObjects: 0.139300 ms CreateObjectMapping: 0.046300 ms MarkObjects: 3.325300 ms  DeleteObjects: 0.021600 ms)

AssetImportParameters requested are different than current active one (requested -> active):
  custom:framework-win-MediaFoundation: 216162199b28c13a410421893ffa2e32 -> 
  custom:video-decoder-ogg-theora: a1e56fd34408186e4bbccfd4996cb3dc -> 
  custom:container-muxer-webm: aa71ff27fc2769a1b78a27578f13a17b -> 
  custom:container-demuxer-webm: 4f35f7cbe854078d1ac9338744f61a02 -> 
  custom:container-demuxer-ogg: 62fdf1f143b41e24485cea50d1cbac27 -> 
  custom:video-encoder-webm-vp8: eb34c28f22e8b96e1ab97ce403110664 -> 
  custom:video-decoder-webm-vp8: 9c59270c3fd7afecdb556c50c9e8de78 -> 
  custom:audio-decoder-ogg-vorbis: bf7c407c2cedff20999df2af8eb42d56 -> 
  custom:audio-encoder-webm-vorbis: bf7c407c2cedff20999df2af8eb42d56 -> 
========================================================================
Received Import Request.
  Time since last request: 329.654662 seconds.
  path: Assets/Scenes/Map 3.unity
  artifactKey: Guid(bc000ad1679a27f4c9d6606ce31f66da) Importer(815301076,1909f56bfc062723c751e8b465ee728b)
Start importing Assets/Scenes/Map 3.unity using Guid(bc000ad1679a27f4c9d6606ce31f66da) Importer(815301076,1909f56bfc062723c751e8b465ee728b)  -> (artifact id: 'fab8471c815dbd8edc8e4e3afa8b2fbe') in 0.028699 seconds 
  Import took 0.042659 seconds .

========================================================================
Received Import Request.
  Time since last request: 27.229458 seconds.
  path: Assets/Tower Template/Pulser2.asset
  artifactKey: Guid(40c86aa7324cd4a46a637410e167980c) Importer(815301076,1909f56bfc062723c751e8b465ee728b)
Start importing Assets/Tower Template/Pulser2.asset using Guid(40c86aa7324cd4a46a637410e167980c) Importer(815301076,1909f56bfc062723c751e8b465ee728b)  -> (artifact id: 'e6a68719f94902fcd70afef362226a1d') in 0.044756 seconds 
  Import took 0.048038 seconds .

========================================================================
Received Import Request.
  Time since last request: 231.010852 seconds.
  path: Assets/Waves/WaveSet3/Wave3 1.asset
  artifactKey: Guid(a81b050bb5ad8384f986eadb04c58e07) Importer(815301076,1909f56bfc062723c751e8b465ee728b)
Start importing Assets/Waves/WaveSet3/Wave3 1.asset using Guid(a81b050bb5ad8384f986eadb04c58e07) Importer(815301076,1909f56bfc062723c751e8b465ee728b)  -> (artifact id: 'cd7c5bd1695321ba637c8b4603ba46a5') in 0.043365 seconds 
  Import took 0.059675 seconds .

========================================================================
Received Import Request.
  Time since last request: 0.000257 seconds.
  path: Assets/Waves/WaveSet3/Wave3 3.asset
  artifactKey: Guid(41cd2ba1186076a44a72e016147ab435) Importer(815301076,1909f56bfc062723c751e8b465ee728b)
Start importing Assets/Waves/WaveSet3/Wave3 3.asset using Guid(41cd2ba1186076a44a72e016147ab435) Importer(815301076,1909f56bfc062723c751e8b465ee728b)  -> (artifact id: '062a0ffa413a4615bfffa3cb86862942') in 0.015988 seconds 
  Import took 0.020240 seconds .

========================================================================
Received Import Request.
  Time since last request: 0.000992 seconds.
  path: Assets/Waves/WaveSet3/Wave3 5.asset
  artifactKey: Guid(3854adb5b4df62a4f889c7c4756c626c) Importer(815301076,1909f56bfc062723c751e8b465ee728b)
Start importing Assets/Waves/WaveSet3/Wave3 5.asset using Guid(3854adb5b4df62a4f889c7c4756c626c) Importer(815301076,1909f56bfc062723c751e8b465ee728b)  -> (artifact id: '18fabb245093c08daed6a8265a23e09f') in 0.025546 seconds 
  Import took 0.036226 seconds .

========================================================================
Received Import Request.
  Time since last request: 0.000558 seconds.
  path: Assets/Waves/WaveSet3/Wave3 2.asset
  artifactKey: Guid(ce2f7d912d3473548a16087515f77091) Importer(815301076,1909f56bfc062723c751e8b465ee728b)
Start importing Assets/Waves/WaveSet3/Wave3 2.asset using Guid(ce2f7d912d3473548a16087515f77091) Importer(815301076,1909f56bfc062723c751e8b465ee728b)  -> (artifact id: 'e52da7d62ed6d47baf0a821e5959f89e') in 0.023106 seconds 
  Import took 0.030272 seconds .

========================================================================
Received Import Request.
  Time since last request: 0.001141 seconds.
  path: Assets/Waves/WaveSet3/Wave3 4.asset
  artifactKey: Guid(6e241e2818988e244a53fd3d8c8d6bad) Importer(815301076,1909f56bfc062723c751e8b465ee728b)
Start importing Assets/Waves/WaveSet3/Wave3 4.asset using Guid(6e241e2818988e244a53fd3d8c8d6bad) Importer(815301076,1909f56bfc062723c751e8b465ee728b)  -> (artifact id: '232a5e141ec2d5b959ea51e64792741b') in 0.019195 seconds 
  Import took 0.026221 seconds .

========================================================================
Received Import Request.
  Time since last request: 1014.537034 seconds.
  path: Assets/Scenes/Map 1.unity
  artifactKey: Guid(46137c172b6e8424a924b7313205f5df) Importer(815301076,1909f56bfc062723c751e8b465ee728b)
Start importing Assets/Scenes/Map 1.unity using Guid(46137c172b6e8424a924b7313205f5df) Importer(815301076,1909f56bfc062723c751e8b465ee728b)  -> (artifact id: 'c270e5494abb0a2d411fec45fb7e4058') in 0.016800 seconds 
  Import took 0.031667 seconds .

========================================================================
Received Prepare
Registering precompiled user dll's ...
Registered in 0.702753 seconds.
Begin MonoManager ReloadAssembly
Native extension for WindowsStandalone target not found
Refreshing native plugins compatible for Editor in 0.43 ms, found 2 plugins.
Preloading 0 native plugins for Editor in 0.00 ms.
Mono: successfully reloaded assembly
- Completed reload, in  7.294 seconds
Domain Reload Profiling:
	ReloadAssembly (7295ms)
		BeginReloadAssembly (3436ms)
			ExecutionOrderSort (0ms)
			DisableScriptedObjects (4ms)
			BackupInstance (0ms)
			ReleaseScriptingObjects (0ms)
			CreateAndSetChildDomain (29ms)
		EndReloadAssembly (3804ms)
			LoadAssemblies (4890ms)
			RebuildTransferFunctionScriptingTraits (0ms)
			SetupTypeCache (1109ms)
			ReleaseScriptCaches (1ms)
			RebuildScriptCaches (37ms)
			SetupLoadedEditorAssemblies (1017ms)
				LogAssemblyErrors (0ms)
				InitializePlatformSupportModulesInManaged (4ms)
				SetLoadedEditorAssemblies (0ms)
				RefreshPlugins (0ms)
				BeforeProcessingInitializeOnLoad (66ms)
				ProcessInitializeOnLoadAttributes (297ms)
				ProcessInitializeOnLoadMethodAttributes (644ms)
				AfterProcessingInitializeOnLoad (5ms)
				EditorAssembliesLoaded (0ms)
			ExecutionOrderSort2 (0ms)
			AwakeInstancesAfterBackupRestoration (6ms)
Platform modules already initialized, skipping
Refreshing native plugins compatible for Editor in 0.38 ms, found 2 plugins.
Preloading 0 native plugins for Editor in 0.00 ms.
Unloading 1528 Unused Serialized files (Serialized files now loaded: 0)
System memory in use before: 71.5 MB.
System memory in use after: 71.6 MB.

Unloading 14 unused Assets to reduce memory usage. Loaded Objects now: 1993.
Total: 2.550400 ms (FindLiveObjects: 0.132700 ms CreateObjectMapping: 0.043700 ms MarkObjects: 2.351600 ms  DeleteObjects: 0.021800 ms)

AssetImportParameters requested are different than current active one (requested -> active):
  custom:framework-win-MediaFoundation: 216162199b28c13a410421893ffa2e32 -> 
  custom:video-decoder-ogg-theora: a1e56fd34408186e4bbccfd4996cb3dc -> 
  custom:container-muxer-webm: aa71ff27fc2769a1b78a27578f13a17b -> 
  custom:container-demuxer-webm: 4f35f7cbe854078d1ac9338744f61a02 -> 
  custom:container-demuxer-ogg: 62fdf1f143b41e24485cea50d1cbac27 -> 
  custom:video-encoder-webm-vp8: eb34c28f22e8b96e1ab97ce403110664 -> 
  custom:video-decoder-webm-vp8: 9c59270c3fd7afecdb556c50c9e8de78 -> 
  custom:audio-decoder-ogg-vorbis: bf7c407c2cedff20999df2af8eb42d56 -> 
  custom:audio-encoder-webm-vorbis: bf7c407c2cedff20999df2af8eb42d56 -> 
========================================================================
Received Import Request.
  Time since last request: 199.402122 seconds.
  path: Assets/Tower Template/Sentry2.asset
  artifactKey: Guid(42f9df02cf5004f48a56773e3f5a5e43) Importer(815301076,1909f56bfc062723c751e8b465ee728b)
Start importing Assets/Tower Template/Sentry2.asset using Guid(42f9df02cf5004f48a56773e3f5a5e43) Importer(815301076,1909f56bfc062723c751e8b465ee728b)  -> (artifact id: '907999aa97785f040675713499ae40ff') in 0.029489 seconds 
  Import took 0.044090 seconds .

========================================================================
Received Import Request.
  Time since last request: 0.000269 seconds.
  path: Assets/Tower Template/Cannon1.asset
  artifactKey: Guid(b87bd8ef0f5f27241bb85be0624556b7) Importer(815301076,1909f56bfc062723c751e8b465ee728b)
Start importing Assets/Tower Template/Cannon1.asset using Guid(b87bd8ef0f5f27241bb85be0624556b7) Importer(815301076,1909f56bfc062723c751e8b465ee728b)  -> (artifact id: 'e14d18a9162020ad8c3f1f75501f0efb') in 0.042149 seconds 
  Import took 0.045770 seconds .

========================================================================
Received Import Request.
  Time since last request: 0.000324 seconds.
  path: Assets/Tower Template/Pulser1.asset
  artifactKey: Guid(a9990ad1976daee4f9c2a764cae3b163) Importer(815301076,1909f56bfc062723c751e8b465ee728b)
Start importing Assets/Tower Template/Pulser1.asset using Guid(a9990ad1976daee4f9c2a764cae3b163) Importer(815301076,1909f56bfc062723c751e8b465ee728b)  -> (artifact id: '0c6847902df68ba7e70d960a93773945') in 0.029734 seconds 
  Import took 0.032558 seconds .

========================================================================
Received Import Request.
  Time since last request: 0.000290 seconds.
  path: Assets/Tower Template/Pulser2.asset
  artifactKey: Guid(40c86aa7324cd4a46a637410e167980c) Importer(815301076,1909f56bfc062723c751e8b465ee728b)
Start importing Assets/Tower Template/Pulser2.asset using Guid(40c86aa7324cd4a46a637410e167980c) Importer(815301076,1909f56bfc062723c751e8b465ee728b)  -> (artifact id: 'a0e3cfed921da10696b3f86158300df9') in 0.020433 seconds 
  Import took 0.025972 seconds .

========================================================================
Received Import Request.
  Time since last request: 0.000276 seconds.
  path: Assets/Tower Template/Flamethrower1.asset
  artifactKey: Guid(005d6ef1277e0854db8429d69bb2fbd8) Importer(815301076,1909f56bfc062723c751e8b465ee728b)
Start importing Assets/Tower Template/Flamethrower1.asset using Guid(005d6ef1277e0854db8429d69bb2fbd8) Importer(815301076,1909f56bfc062723c751e8b465ee728b)  -> (artifact id: '5ea9ddc6237bb975708c2fccc081e31e') in 0.030749 seconds 
  Import took 0.034103 seconds .

========================================================================
Received Import Request.
  Time since last request: 0.000289 seconds.
  path: Assets/Tower Template/Flamethrower2.asset
  artifactKey: Guid(d37aded2ad9c25e4e852a4ff9e1af3b8) Importer(815301076,1909f56bfc062723c751e8b465ee728b)
Start importing Assets/Tower Template/Flamethrower2.asset using Guid(d37aded2ad9c25e4e852a4ff9e1af3b8) Importer(815301076,1909f56bfc062723c751e8b465ee728b)  -> (artifact id: '27da98998045905bc10003d691a12321') in 0.017364 seconds 
  Import took 0.021970 seconds .

========================================================================
Received Import Request.
  Time since last request: 0.000532 seconds.
  path: Assets/Tower Template/Cannon2.asset
  artifactKey: Guid(259b3214f6496734981c2eedda4a9785) Importer(815301076,1909f56bfc062723c751e8b465ee728b)
Start importing Assets/Tower Template/Cannon2.asset using Guid(259b3214f6496734981c2eedda4a9785) Importer(815301076,1909f56bfc062723c751e8b465ee728b)  -> (artifact id: '41d26158ea01422fec70d3386ef686b2') in 0.020362 seconds 
  Import took 0.026451 seconds .

========================================================================
Received Import Request.
  Time since last request: 196.265927 seconds.
  path: Assets/Scenes/Map 4.unity
  artifactKey: Guid(22a9d49833a31944b84b17f6c08a2107) Importer(815301076,1909f56bfc062723c751e8b465ee728b)
Start importing Assets/Scenes/Map 4.unity using Guid(22a9d49833a31944b84b17f6c08a2107) Importer(815301076,1909f56bfc062723c751e8b465ee728b)  -> (artifact id: 'bb9fec90ee2ad7f9087319d6e9bcdc78') in 0.015719 seconds 
  Import took 0.019987 seconds .

========================================================================
Received Import Request.
  Time since last request: 86.883378 seconds.
  path: Assets/Scenes/Map 3.unity
  artifactKey: Guid(bc000ad1679a27f4c9d6606ce31f66da) Importer(815301076,1909f56bfc062723c751e8b465ee728b)
Start importing Assets/Scenes/Map 3.unity using Guid(bc000ad1679a27f4c9d6606ce31f66da) Importer(815301076,1909f56bfc062723c751e8b465ee728b)  -> (artifact id: '91ba19ca9abec04034bf824b2e676d11') in 0.016665 seconds 
  Import took 0.031923 seconds .

========================================================================
Received Import Request.
  Time since last request: 11.489159 seconds.
  path: Assets/Waves/WaveSet3/Wave3 1.asset
  artifactKey: Guid(a81b050bb5ad8384f986eadb04c58e07) Importer(815301076,1909f56bfc062723c751e8b465ee728b)
Start importing Assets/Waves/WaveSet3/Wave3 1.asset using Guid(a81b050bb5ad8384f986eadb04c58e07) Importer(815301076,1909f56bfc062723c751e8b465ee728b)  -> (artifact id: '6d3d3683d61bb412b615b6aa2085dc1a') in 0.039388 seconds 
  Import took 0.053483 seconds .

========================================================================
Received Import Request.
  Time since last request: 0.000272 seconds.
  path: Assets/Waves/WaveSet3/Wave3 2.asset
  artifactKey: Guid(ce2f7d912d3473548a16087515f77091) Importer(815301076,1909f56bfc062723c751e8b465ee728b)
Start importing Assets/Waves/WaveSet3/Wave3 2.asset using Guid(ce2f7d912d3473548a16087515f77091) Importer(815301076,1909f56bfc062723c751e8b465ee728b)  -> (artifact id: '996c91fac3bc870016106d9a859d3464') in 0.012231 seconds 
  Import took 0.018625 seconds .

========================================================================
Received Import Request.
  Time since last request: 814.097070 seconds.
  path: Assets/Creep Template/Boss.asset
  artifactKey: Guid(7a8ad44e755fbb8459da35bd002e3ef8) Importer(815301076,1909f56bfc062723c751e8b465ee728b)
Start importing Assets/Creep Template/Boss.asset using Guid(7a8ad44e755fbb8459da35bd002e3ef8) Importer(815301076,1909f56bfc062723c751e8b465ee728b)  -> (artifact id: 'd51f6c103d451c733082349c59441a1e') in 0.019443 seconds 
  Import took 0.060455 seconds .

========================================================================
Received Import Request.
  Time since last request: 0.000353 seconds.
  path: Assets/Creep Template/Tank.asset
  artifactKey: Guid(5075f0fa0600ba24a9838beb606ef2c2) Importer(815301076,1909f56bfc062723c751e8b465ee728b)
Start importing Assets/Creep Template/Tank.asset using Guid(5075f0fa0600ba24a9838beb606ef2c2) Importer(815301076,1909f56bfc062723c751e8b465ee728b)  -> (artifact id: '8a5aba8a8aa341b8d588a8e4ce9be721') in 0.033303 seconds 
  Import took 0.036766 seconds .

========================================================================
Received Prepare
Registering precompiled user dll's ...
Registered in 0.659270 seconds.
Begin MonoManager ReloadAssembly
Native extension for WindowsStandalone target not found
Refreshing native plugins compatible for Editor in 0.38 ms, found 2 plugins.
Preloading 0 native plugins for Editor in 0.00 ms.
Mono: successfully reloaded assembly
- Completed reload, in  6.560 seconds
Domain Reload Profiling:
	ReloadAssembly (6560ms)
		BeginReloadAssembly (2660ms)
			ExecutionOrderSort (0ms)
			DisableScriptedObjects (4ms)
			BackupInstance (0ms)
			ReleaseScriptingObjects (0ms)
			CreateAndSetChildDomain (28ms)
		EndReloadAssembly (3846ms)
			LoadAssemblies (4134ms)
			RebuildTransferFunctionScriptingTraits (0ms)
			SetupTypeCache (1123ms)
			ReleaseScriptCaches (1ms)
			RebuildScriptCaches (35ms)
			SetupLoadedEditorAssemblies (1028ms)
				LogAssemblyErrors (0ms)
				InitializePlatformSupportModulesInManaged (4ms)
				SetLoadedEditorAssemblies (0ms)
				RefreshPlugins (0ms)
				BeforeProcessingInitializeOnLoad (65ms)
				ProcessInitializeOnLoadAttributes (299ms)
				ProcessInitializeOnLoadMethodAttributes (654ms)
				AfterProcessingInitializeOnLoad (5ms)
				EditorAssembliesLoaded (0ms)
			ExecutionOrderSort2 (0ms)
			AwakeInstancesAfterBackupRestoration (6ms)
Platform modules already initialized, skipping
Refreshing native plugins compatible for Editor in 0.39 ms, found 2 plugins.
Preloading 0 native plugins for Editor in 0.00 ms.
Unloading 1528 Unused Serialized files (Serialized files now loaded: 0)
System memory in use before: 71.6 MB.
System memory in use after: 71.7 MB.

Unloading 14 unused Assets to reduce memory usage. Loaded Objects now: 1997.
Total: 2.554200 ms (FindLiveObjects: 0.138100 ms CreateObjectMapping: 0.049100 ms MarkObjects: 2.348700 ms  DeleteObjects: 0.017700 ms)

AssetImportParameters requested are different than current active one (requested -> active):
  custom:framework-win-MediaFoundation: 216162199b28c13a410421893ffa2e32 -> 
  custom:video-decoder-ogg-theora: a1e56fd34408186e4bbccfd4996cb3dc -> 
  custom:container-muxer-webm: aa71ff27fc2769a1b78a27578f13a17b -> 
  custom:container-demuxer-webm: 4f35f7cbe854078d1ac9338744f61a02 -> 
  custom:container-demuxer-ogg: 62fdf1f143b41e24485cea50d1cbac27 -> 
  custom:video-encoder-webm-vp8: eb34c28f22e8b96e1ab97ce403110664 -> 
  custom:video-decoder-webm-vp8: 9c59270c3fd7afecdb556c50c9e8de78 -> 
  custom:audio-decoder-ogg-vorbis: bf7c407c2cedff20999df2af8eb42d56 -> 
  custom:audio-encoder-webm-vorbis: bf7c407c2cedff20999df2af8eb42d56 -> 
========================================================================
Received Import Request.
  Time since last request: 532.069145 seconds.
  path: Assets/Waves/WaveSet3/Wave3 3.asset
  artifactKey: Guid(41cd2ba1186076a44a72e016147ab435) Importer(815301076,1909f56bfc062723c751e8b465ee728b)
Start importing Assets/Waves/WaveSet3/Wave3 3.asset using Guid(41cd2ba1186076a44a72e016147ab435) Importer(815301076,1909f56bfc062723c751e8b465ee728b)  -> (artifact id: '7372f8c3e91ac219cf5e9140d6175490') in 0.056539 seconds 
  Import took 0.070199 seconds .

========================================================================
Received Import Request.
  Time since last request: 0.000240 seconds.
  path: Assets/Creep Template/Boss.asset
  artifactKey: Guid(7a8ad44e755fbb8459da35bd002e3ef8) Importer(815301076,1909f56bfc062723c751e8b465ee728b)
Start importing Assets/Creep Template/Boss.asset using Guid(7a8ad44e755fbb8459da35bd002e3ef8) Importer(815301076,1909f56bfc062723c751e8b465ee728b)  -> (artifact id: 'f9d63c01e201b58825078805b2426368') in 0.006952 seconds 
  Import took 0.009225 seconds .

========================================================================
Received Import Request.
  Time since last request: 0.000200 seconds.
  path: Assets/Waves/WaveSet3/Wave3 2.asset
  artifactKey: Guid(ce2f7d912d3473548a16087515f77091) Importer(815301076,1909f56bfc062723c751e8b465ee728b)
Start importing Assets/Waves/WaveSet3/Wave3 2.asset using Guid(ce2f7d912d3473548a16087515f77091) Importer(815301076,1909f56bfc062723c751e8b465ee728b)  -> (artifact id: '1e51b217e19a24ed7863bebac588097f') in 0.008580 seconds 
  Import took 0.011293 seconds .

========================================================================
Received Import Request.
  Time since last request: 0.000216 seconds.
  path: Assets/Waves/WaveSet3/Wave3 1.asset
  artifactKey: Guid(a81b050bb5ad8384f986eadb04c58e07) Importer(815301076,1909f56bfc062723c751e8b465ee728b)
Start importing Assets/Waves/WaveSet3/Wave3 1.asset using Guid(a81b050bb5ad8384f986eadb04c58e07) Importer(815301076,1909f56bfc062723c751e8b465ee728b)  -> (artifact id: '9e5583edfdcc4d08486d108943161c3a') in 0.008881 seconds 
  Import took 0.012075 seconds .

========================================================================
Received Import Request.
  Time since last request: 0.000812 seconds.
  path: Assets/Creep Template/Tank.asset
  artifactKey: Guid(5075f0fa0600ba24a9838beb606ef2c2) Importer(815301076,1909f56bfc062723c751e8b465ee728b)
Start importing Assets/Creep Template/Tank.asset using Guid(5075f0fa0600ba24a9838beb606ef2c2) Importer(815301076,1909f56bfc062723c751e8b465ee728b)  -> (artifact id: 'd0c94cb8553892494c4c4be89c301f9e') in 0.015426 seconds 
  Import took 0.020982 seconds .

========================================================================
Received Import Request.
  Time since last request: 915.082762 seconds.
  path: Assets/Waves/WaveSet3/Wave3 5.asset
  artifactKey: Guid(3854adb5b4df62a4f889c7c4756c626c) Importer(815301076,1909f56bfc062723c751e8b465ee728b)
Start importing Assets/Waves/WaveSet3/Wave3 5.asset using Guid(3854adb5b4df62a4f889c7c4756c626c) Importer(815301076,1909f56bfc062723c751e8b465ee728b)  -> (artifact id: 'acd0cfaaa64d3be9db6ee4a07a562389') in 0.073221 seconds 
  Import took 0.078886 seconds .

========================================================================
Received Import Request.
  Time since last request: 582.898268 seconds.
  path: Assets/Waves/WaveSet3/Wave3 4.asset
  artifactKey: Guid(6e241e2818988e244a53fd3d8c8d6bad) Importer(815301076,1909f56bfc062723c751e8b465ee728b)
Start importing Assets/Waves/WaveSet3/Wave3 4.asset using Guid(6e241e2818988e244a53fd3d8c8d6bad) Importer(815301076,1909f56bfc062723c751e8b465ee728b)  -> (artifact id: 'ece0d8f3450ad7b78099cbe61090f1a5') in 0.012965 seconds 
  Import took 0.030687 seconds .

========================================================================
Received Import Request.
  Time since last request: 5.838206 seconds.
  path: Assets/Scenes/Map 4.unity
  artifactKey: Guid(22a9d49833a31944b84b17f6c08a2107) Importer(815301076,1909f56bfc062723c751e8b465ee728b)
Start importing Assets/Scenes/Map 4.unity using Guid(22a9d49833a31944b84b17f6c08a2107) Importer(815301076,1909f56bfc062723c751e8b465ee728b)  -> (artifact id: '850ae6f5b8e88096f4cc33e6bf772404') in 0.013721 seconds 
  Import took 0.017734 seconds .

========================================================================
Received Import Request.
  Time since last request: 4895.268329 seconds.
  path: Assets/Waves/WaveSet4/Wave4 1.asset
  artifactKey: Guid(fc65402bff941354781526e294f89844) Importer(815301076,1909f56bfc062723c751e8b465ee728b)
Start importing Assets/Waves/WaveSet4/Wave4 1.asset using Guid(fc65402bff941354781526e294f89844) Importer(815301076,1909f56bfc062723c751e8b465ee728b)  -> (artifact id: 'f8454e6ec13ac8ef4e6977d340bb11f8') in 0.070430 seconds 
  Import took 0.076047 seconds .

========================================================================
Received Import Request.
  Time since last request: 0.000263 seconds.
  path: Assets/Waves/WaveSet4/Wave4 5.asset
  artifactKey: Guid(40662443315cd6446804f451fd4a3a00) Importer(815301076,1909f56bfc062723c751e8b465ee728b)
Start importing Assets/Waves/WaveSet4/Wave4 5.asset using Guid(40662443315cd6446804f451fd4a3a00) Importer(815301076,1909f56bfc062723c751e8b465ee728b)  -> (artifact id: 'bfe371bb7d236c9c3da9e9956293b1db') in 0.013624 seconds 
  Import took 0.017194 seconds .

========================================================================
Received Import Request.
  Time since last request: 0.000362 seconds.
  path: Assets/Waves/WaveSet4/Wave4 4.asset
  artifactKey: Guid(43b4776fa96ee474bbee33348072a3cc) Importer(815301076,1909f56bfc062723c751e8b465ee728b)
Start importing Assets/Waves/WaveSet4/Wave4 4.asset using Guid(43b4776fa96ee474bbee33348072a3cc) Importer(815301076,1909f56bfc062723c751e8b465ee728b)  -> (artifact id: '11b06663d71b64d4a20f65ac01b48448') in 0.012434 seconds 
  Import took 0.016087 seconds .

========================================================================
Received Import Request.
  Time since last request: 0.000260 seconds.
  path: Assets/Waves/WaveSet4/Wave4 2.asset
  artifactKey: Guid(eba0d76bc62b5b746a6077ef2bc92ad8) Importer(815301076,1909f56bfc062723c751e8b465ee728b)
Start importing Assets/Waves/WaveSet4/Wave4 2.asset using Guid(eba0d76bc62b5b746a6077ef2bc92ad8) Importer(815301076,1909f56bfc062723c751e8b465ee728b)  -> (artifact id: 'bb3c6d3b512f4f2d22f74c6b24e81930') in 0.016997 seconds 
  Import took 0.020114 seconds .

========================================================================
Received Import Request.
  Time since last request: 0.000284 seconds.
  path: Assets/Waves/WaveSet4/Wave4 3.asset
  artifactKey: Guid(53b8cb0aed62e8447b2680d491c469ae) Importer(815301076,1909f56bfc062723c751e8b465ee728b)
Start importing Assets/Waves/WaveSet4/Wave4 3.asset using Guid(53b8cb0aed62e8447b2680d491c469ae) Importer(815301076,1909f56bfc062723c751e8b465ee728b)  -> (artifact id: 'cd1cc815b0b9267dcb227331fa319781') in 0.034502 seconds 
  Import took 0.038307 seconds .

========================================================================
Received Import Request.
  Time since last request: 1644.661472 seconds.
  path: Assets/Waves/WaveSet4/Wave4 4.asset
  artifactKey: Guid(43b4776fa96ee474bbee33348072a3cc) Importer(815301076,1909f56bfc062723c751e8b465ee728b)
Start importing Assets/Waves/WaveSet4/Wave4 4.asset using Guid(43b4776fa96ee474bbee33348072a3cc) Importer(815301076,1909f56bfc062723c751e8b465ee728b)  -> (artifact id: 'b93ba7e90234b84e18b65b200e806992') in 0.083605 seconds 
  Import took 0.087252 seconds .

========================================================================
Received Import Request.
  Time since last request: 0.000214 seconds.
  path: Assets/Waves/WaveSet4/Wave4 5.asset
  artifactKey: Guid(40662443315cd6446804f451fd4a3a00) Importer(815301076,1909f56bfc062723c751e8b465ee728b)
Start importing Assets/Waves/WaveSet4/Wave4 5.asset using Guid(40662443315cd6446804f451fd4a3a00) Importer(815301076,1909f56bfc062723c751e8b465ee728b)  -> (artifact id: 'aa8782d48acfce5d6f6e89f3ab8afc76') in 0.020233 seconds 
  Import took 0.023368 seconds .

========================================================================
Received Prepare
Registering precompiled user dll's ...
Registered in 0.597818 seconds.
Begin MonoManager ReloadAssembly
Native extension for WindowsStandalone target not found
Refreshing native plugins compatible for Editor in 2.06 ms, found 2 plugins.
Preloading 0 native plugins for Editor in 0.00 ms.
Mono: successfully reloaded assembly
- Completed reload, in 31.949 seconds
Domain Reload Profiling:
	ReloadAssembly (31951ms)
		BeginReloadAssembly (12610ms)
			ExecutionOrderSort (0ms)
			DisableScriptedObjects (18ms)
			BackupInstance (0ms)
			ReleaseScriptingObjects (0ms)
			CreateAndSetChildDomain (215ms)
		EndReloadAssembly (19174ms)
			LoadAssemblies (20697ms)
			RebuildTransferFunctionScriptingTraits (0ms)
			SetupTypeCache (5161ms)
			ReleaseScriptCaches (6ms)
			RebuildScriptCaches (122ms)
			SetupLoadedEditorAssemblies (5077ms)
				LogAssemblyErrors (0ms)
				InitializePlatformSupportModulesInManaged (16ms)
				SetLoadedEditorAssemblies (1ms)
				RefreshPlugins (3ms)
				BeforeProcessingInitializeOnLoad (220ms)
				ProcessInitializeOnLoadAttributes (1151ms)
				ProcessInitializeOnLoadMethodAttributes (3673ms)
				AfterProcessingInitializeOnLoad (12ms)
				EditorAssembliesLoaded (1ms)
			ExecutionOrderSort2 (0ms)
			AwakeInstancesAfterBackupRestoration (22ms)
Platform modules already initialized, skipping
Refreshing native plugins compatible for Editor in 2.18 ms, found 2 plugins.
Preloading 0 native plugins for Editor in 0.00 ms.
Unloading 1528 Unused Serialized files (Serialized files now loaded: 0)
System memory in use before: 71.7 MB.
System memory in use after: 71.8 MB.

Unloading 14 unused Assets to reduce memory usage. Loaded Objects now: 1999.
Total: 12.872000 ms (FindLiveObjects: 0.685100 ms CreateObjectMapping: 0.272400 ms MarkObjects: 11.697600 ms  DeleteObjects: 0.210100 ms)

AssetImportParameters requested are different than current active one (requested -> active):
  custom:framework-win-MediaFoundation: 216162199b28c13a410421893ffa2e32 -> 
  custom:video-decoder-ogg-theora: a1e56fd34408186e4bbccfd4996cb3dc -> 
  custom:container-muxer-webm: aa71ff27fc2769a1b78a27578f13a17b -> 
  custom:container-demuxer-webm: 4f35f7cbe854078d1ac9338744f61a02 -> 
  custom:container-demuxer-ogg: 62fdf1f143b41e24485cea50d1cbac27 -> 
  custom:video-encoder-webm-vp8: eb34c28f22e8b96e1ab97ce403110664 -> 
  custom:video-decoder-webm-vp8: 9c59270c3fd7afecdb556c50c9e8de78 -> 
  custom:audio-decoder-ogg-vorbis: bf7c407c2cedff20999df2af8eb42d56 -> 
  custom:audio-encoder-webm-vorbis: bf7c407c2cedff20999df2af8eb42d56 -> 
========================================================================
Received Import Request.
  Time since last request: 370.857000 seconds.
  path: Assets/Scripts/Manager.cs
  artifactKey: Guid(f711a93bbb599b24480b88338b3dee36) Importer(815301076,1909f56bfc062723c751e8b465ee728b)
Start importing Assets/Scripts/Manager.cs using Guid(f711a93bbb599b24480b88338b3dee36) Importer(815301076,1909f56bfc062723c751e8b465ee728b)  -> (artifact id: 'abcb78d1a37a4e3bb3715ad51def2f77') in 0.026618 seconds 
  Import took 0.029306 seconds .

========================================================================
Received Prepare
Registering precompiled user dll's ...
Registered in 0.127229 seconds.
Begin MonoManager ReloadAssembly
Native extension for WindowsStandalone target not found
Refreshing native plugins compatible for Editor in 0.39 ms, found 2 plugins.
Preloading 0 native plugins for Editor in 0.00 ms.
Mono: successfully reloaded assembly
- Completed reload, in  0.845 seconds
Domain Reload Profiling:
	ReloadAssembly (846ms)
		BeginReloadAssembly (100ms)
			ExecutionOrderSort (0ms)
			DisableScriptedObjects (4ms)
			BackupInstance (0ms)
			ReleaseScriptingObjects (0ms)
			CreateAndSetChildDomain (28ms)
		EndReloadAssembly (692ms)
			LoadAssemblies (82ms)
			RebuildTransferFunctionScriptingTraits (0ms)
			SetupTypeCache (247ms)
			ReleaseScriptCaches (1ms)
			RebuildScriptCaches (34ms)
			SetupLoadedEditorAssemblies (249ms)
				LogAssemblyErrors (0ms)
				InitializePlatformSupportModulesInManaged (4ms)
				SetLoadedEditorAssemblies (1ms)
				RefreshPlugins (0ms)
				BeforeProcessingInitializeOnLoad (64ms)
				ProcessInitializeOnLoadAttributes (167ms)
				ProcessInitializeOnLoadMethodAttributes (8ms)
				AfterProcessingInitializeOnLoad (4ms)
				EditorAssembliesLoaded (0ms)
			ExecutionOrderSort2 (0ms)
			AwakeInstancesAfterBackupRestoration (6ms)
Platform modules already initialized, skipping
Refreshing native plugins compatible for Editor in 0.38 ms, found 2 plugins.
Preloading 0 native plugins for Editor in 0.00 ms.
Unloading 1528 Unused Serialized files (Serialized files now loaded: 0)
System memory in use before: 71.7 MB.
System memory in use after: 71.8 MB.

Unloading 14 unused Assets to reduce memory usage. Loaded Objects now: 2001.
Total: 2.449600 ms (FindLiveObjects: 0.144500 ms CreateObjectMapping: 0.046200 ms MarkObjects: 2.215800 ms  DeleteObjects: 0.041800 ms)

AssetImportParameters requested are different than current active one (requested -> active):
  custom:framework-win-MediaFoundation: 216162199b28c13a410421893ffa2e32 -> 
  custom:video-decoder-ogg-theora: a1e56fd34408186e4bbccfd4996cb3dc -> 
  custom:container-muxer-webm: aa71ff27fc2769a1b78a27578f13a17b -> 
  custom:container-demuxer-webm: 4f35f7cbe854078d1ac9338744f61a02 -> 
  custom:container-demuxer-ogg: 62fdf1f143b41e24485cea50d1cbac27 -> 
  custom:video-encoder-webm-vp8: eb34c28f22e8b96e1ab97ce403110664 -> 
  custom:video-decoder-webm-vp8: 9c59270c3fd7afecdb556c50c9e8de78 -> 
  custom:audio-decoder-ogg-vorbis: bf7c407c2cedff20999df2af8eb42d56 -> 
  custom:audio-encoder-webm-vorbis: bf7c407c2cedff20999df2af8eb42d56 -> 
========================================================================
Received Import Request.
  Time since last request: 91.445440 seconds.
  path: Assets/Scripts/Manager.cs
  artifactKey: Guid(f711a93bbb599b24480b88338b3dee36) Importer(815301076,1909f56bfc062723c751e8b465ee728b)
Start importing Assets/Scripts/Manager.cs using Guid(f711a93bbb599b24480b88338b3dee36) Importer(815301076,1909f56bfc062723c751e8b465ee728b)  -> (artifact id: '61dedb88540f1a856fc71995b37926af') in 0.019616 seconds 
  Import took 0.021948 seconds .

========================================================================
Received Prepare
Registering precompiled user dll's ...
Registered in 0.010800 seconds.
Begin MonoManager ReloadAssembly
Native extension for WindowsStandalone target not found
Refreshing native plugins compatible for Editor in 1.48 ms, found 2 plugins.
Preloading 0 native plugins for Editor in 0.00 ms.
Mono: successfully reloaded assembly
- Completed reload, in  3.088 seconds
Domain Reload Profiling:
	ReloadAssembly (3090ms)
		BeginReloadAssembly (410ms)
			ExecutionOrderSort (0ms)
			DisableScriptedObjects (11ms)
			BackupInstance (0ms)
			ReleaseScriptingObjects (0ms)
			CreateAndSetChildDomain (128ms)
		EndReloadAssembly (2518ms)
			LoadAssemblies (405ms)
			RebuildTransferFunctionScriptingTraits (0ms)
			SetupTypeCache (889ms)
			ReleaseScriptCaches (3ms)
			RebuildScriptCaches (110ms)
			SetupLoadedEditorAssemblies (965ms)
				LogAssemblyErrors (0ms)
				InitializePlatformSupportModulesInManaged (14ms)
				SetLoadedEditorAssemblies (2ms)
				RefreshPlugins (2ms)
				BeforeProcessingInitializeOnLoad (283ms)
				ProcessInitializeOnLoadAttributes (623ms)
				ProcessInitializeOnLoadMethodAttributes (30ms)
				AfterProcessingInitializeOnLoad (11ms)
				EditorAssembliesLoaded (1ms)
			ExecutionOrderSort2 (0ms)
			AwakeInstancesAfterBackupRestoration (22ms)
Platform modules already initialized, skipping
Refreshing native plugins compatible for Editor in 1.54 ms, found 2 plugins.
Preloading 0 native plugins for Editor in 0.00 ms.
Unloading 1528 Unused Serialized files (Serialized files now loaded: 0)
System memory in use before: 71.7 MB.
System memory in use after: 71.8 MB.

Unloading 14 unused Assets to reduce memory usage. Loaded Objects now: 2003.
Total: 13.672200 ms (FindLiveObjects: 1.286900 ms CreateObjectMapping: 0.609700 ms MarkObjects: 11.197200 ms  DeleteObjects: 0.567800 ms)

AssetImportParameters requested are different than current active one (requested -> active):
  custom:framework-win-MediaFoundation: 216162199b28c13a410421893ffa2e32 -> 
  custom:video-decoder-ogg-theora: a1e56fd34408186e4bbccfd4996cb3dc -> 
  custom:container-muxer-webm: aa71ff27fc2769a1b78a27578f13a17b -> 
  custom:container-demuxer-webm: 4f35f7cbe854078d1ac9338744f61a02 -> 
  custom:container-demuxer-ogg: 62fdf1f143b41e24485cea50d1cbac27 -> 
  custom:video-encoder-webm-vp8: eb34c28f22e8b96e1ab97ce403110664 -> 
  custom:video-decoder-webm-vp8: 9c59270c3fd7afecdb556c50c9e8de78 -> 
  custom:audio-decoder-ogg-vorbis: bf7c407c2cedff20999df2af8eb42d56 -> 
  custom:audio-encoder-webm-vorbis: bf7c407c2cedff20999df2af8eb42d56 -> 
========================================================================
Received Import Request.
  Time since last request: 542.821983 seconds.
  path: Assets/Creep Template/Boss.asset
  artifactKey: Guid(7a8ad44e755fbb8459da35bd002e3ef8) Importer(815301076,1909f56bfc062723c751e8b465ee728b)
Start importing Assets/Creep Template/Boss.asset using Guid(7a8ad44e755fbb8459da35bd002e3ef8) Importer(815301076,1909f56bfc062723c751e8b465ee728b)  -> (artifact id: '913595e0e7b86867f4e29efd5c241536') in 0.047712 seconds 
  Import took 0.053859 seconds .

========================================================================
Received Import Request.
  Time since last request: 0.000396 seconds.
  path: Assets/Creep Template/Tank.asset
  artifactKey: Guid(5075f0fa0600ba24a9838beb606ef2c2) Importer(815301076,1909f56bfc062723c751e8b465ee728b)
Start importing Assets/Creep Template/Tank.asset using Guid(5075f0fa0600ba24a9838beb606ef2c2) Importer(815301076,1909f56bfc062723c751e8b465ee728b)  -> (artifact id: '4c4ce61a876c91aa129c0da251395dd6') in 0.027645 seconds 
  Import took 0.030514 seconds .

========================================================================
Received Prepare
Registering precompiled user dll's ...
Registered in 0.120430 seconds.
Begin MonoManager ReloadAssembly
Native extension for WindowsStandalone target not found
Refreshing native plugins compatible for Editor in 1.52 ms, found 2 plugins.
Preloading 0 native plugins for Editor in 0.00 ms.
Mono: successfully reloaded assembly
- Completed reload, in  2.506 seconds
Domain Reload Profiling:
	ReloadAssembly (2508ms)
		BeginReloadAssembly (332ms)
			ExecutionOrderSort (0ms)
			DisableScriptedObjects (12ms)
			BackupInstance (0ms)
			ReleaseScriptingObjects (0ms)
			CreateAndSetChildDomain (111ms)
		EndReloadAssembly (2042ms)
			LoadAssemblies (300ms)
			RebuildTransferFunctionScriptingTraits (0ms)
			SetupTypeCache (748ms)
			ReleaseScriptCaches (4ms)
			RebuildScriptCaches (102ms)
			SetupLoadedEditorAssemblies (736ms)
				LogAssemblyErrors (0ms)
				InitializePlatformSupportModulesInManaged (14ms)
				SetLoadedEditorAssemblies (1ms)
				RefreshPlugins (2ms)
				BeforeProcessingInitializeOnLoad (188ms)
				ProcessInitializeOnLoadAttributes (495ms)
				ProcessInitializeOnLoadMethodAttributes (27ms)
				AfterProcessingInitializeOnLoad (9ms)
				EditorAssembliesLoaded (1ms)
			ExecutionOrderSort2 (0ms)
			AwakeInstancesAfterBackupRestoration (19ms)
Platform modules already initialized, skipping
Refreshing native plugins compatible for Editor in 1.80 ms, found 2 plugins.
Preloading 0 native plugins for Editor in 0.00 ms.
Unloading 1528 Unused Serialized files (Serialized files now loaded: 0)
System memory in use before: 71.7 MB.
System memory in use after: 71.8 MB.

Unloading 14 unused Assets to reduce memory usage. Loaded Objects now: 2005.
Total: 10.150800 ms (FindLiveObjects: 0.472300 ms CreateObjectMapping: 0.331200 ms MarkObjects: 9.130800 ms  DeleteObjects: 0.210500 ms)

AssetImportParameters requested are different than current active one (requested -> active):
  custom:framework-win-MediaFoundation: 216162199b28c13a410421893ffa2e32 -> 
  custom:video-decoder-ogg-theora: a1e56fd34408186e4bbccfd4996cb3dc -> 
  custom:container-muxer-webm: aa71ff27fc2769a1b78a27578f13a17b -> 
  custom:container-demuxer-webm: 4f35f7cbe854078d1ac9338744f61a02 -> 
  custom:container-demuxer-ogg: 62fdf1f143b41e24485cea50d1cbac27 -> 
  custom:video-encoder-webm-vp8: eb34c28f22e8b96e1ab97ce403110664 -> 
  custom:video-decoder-webm-vp8: 9c59270c3fd7afecdb556c50c9e8de78 -> 
  custom:audio-decoder-ogg-vorbis: bf7c407c2cedff20999df2af8eb42d56 -> 
  custom:audio-encoder-webm-vorbis: bf7c407c2cedff20999df2af8eb42d56 -> 
========================================================================
Received Import Request.
  Time since last request: 140.662081 seconds.
  path: Assets/Tower Template/Flamethrower1.asset
  artifactKey: Guid(005d6ef1277e0854db8429d69bb2fbd8) Importer(815301076,1909f56bfc062723c751e8b465ee728b)
Start importing Assets/Tower Template/Flamethrower1.asset using Guid(005d6ef1277e0854db8429d69bb2fbd8) Importer(815301076,1909f56bfc062723c751e8b465ee728b)  -> (artifact id: 'b688d0e3db9866c54fbccc115463740b') in 0.078713 seconds 
  Import took 0.091237 seconds .

========================================================================
Received Import Request.
  Time since last request: 0.000999 seconds.
  path: Assets/Tower Template/Flamethrower2.asset
  artifactKey: Guid(d37aded2ad9c25e4e852a4ff9e1af3b8) Importer(815301076,1909f56bfc062723c751e8b465ee728b)
Start importing Assets/Tower Template/Flamethrower2.asset using Guid(d37aded2ad9c25e4e852a4ff9e1af3b8) Importer(815301076,1909f56bfc062723c751e8b465ee728b)  -> (artifact id: '4d9485363a10e6ca54d4440f42b28353') in 0.031649 seconds 
  Import took 0.044875 seconds .

========================================================================
Received Prepare
Registering precompiled user dll's ...
Registered in 0.003535 seconds.
Begin MonoManager ReloadAssembly
Native extension for WindowsStandalone target not found
Refreshing native plugins compatible for Editor in 0.39 ms, found 2 plugins.
Preloading 0 native plugins for Editor in 0.00 ms.
Mono: successfully reloaded assembly
- Completed reload, in  0.878 seconds
Domain Reload Profiling:
	ReloadAssembly (878ms)
		BeginReloadAssembly (111ms)
			ExecutionOrderSort (0ms)
			DisableScriptedObjects (4ms)
			BackupInstance (0ms)
			ReleaseScriptingObjects (0ms)
			CreateAndSetChildDomain (31ms)
		EndReloadAssembly (714ms)
			LoadAssemblies (82ms)
			RebuildTransferFunctionScriptingTraits (0ms)
			SetupTypeCache (244ms)
			ReleaseScriptCaches (1ms)
			RebuildScriptCaches (35ms)
			SetupLoadedEditorAssemblies (271ms)
				LogAssemblyErrors (0ms)
				InitializePlatformSupportModulesInManaged (4ms)
				SetLoadedEditorAssemblies (0ms)
				RefreshPlugins (0ms)
				BeforeProcessingInitializeOnLoad (65ms)
				ProcessInitializeOnLoadAttributes (186ms)
				ProcessInitializeOnLoadMethodAttributes (9ms)
				AfterProcessingInitializeOnLoad (5ms)
				EditorAssembliesLoaded (0ms)
			ExecutionOrderSort2 (0ms)
			AwakeInstancesAfterBackupRestoration (7ms)
Platform modules already initialized, skipping
Refreshing native plugins compatible for Editor in 0.39 ms, found 2 plugins.
Preloading 0 native plugins for Editor in 0.00 ms.
Unloading 1528 Unused Serialized files (Serialized files now loaded: 0)
System memory in use before: 71.7 MB.
System memory in use after: 71.8 MB.

Unloading 14 unused Assets to reduce memory usage. Loaded Objects now: 2007.
Total: 2.494500 ms (FindLiveObjects: 0.147300 ms CreateObjectMapping: 0.047000 ms MarkObjects: 2.282900 ms  DeleteObjects: 0.016900 ms)

AssetImportParameters requested are different than current active one (requested -> active):
  custom:framework-win-MediaFoundation: 216162199b28c13a410421893ffa2e32 -> 
  custom:video-decoder-ogg-theora: a1e56fd34408186e4bbccfd4996cb3dc -> 
  custom:container-muxer-webm: aa71ff27fc2769a1b78a27578f13a17b -> 
  custom:container-demuxer-webm: 4f35f7cbe854078d1ac9338744f61a02 -> 
  custom:container-demuxer-ogg: 62fdf1f143b41e24485cea50d1cbac27 -> 
  custom:video-encoder-webm-vp8: eb34c28f22e8b96e1ab97ce403110664 -> 
  custom:video-decoder-webm-vp8: 9c59270c3fd7afecdb556c50c9e8de78 -> 
  custom:audio-decoder-ogg-vorbis: bf7c407c2cedff20999df2af8eb42d56 -> 
  custom:audio-encoder-webm-vorbis: bf7c407c2cedff20999df2af8eb42d56 -> 
========================================================================
Received Prepare
Registering precompiled user dll's ...
Registered in 2.352823 seconds.
Begin MonoManager ReloadAssembly
Native extension for WindowsStandalone target not found
Refreshing native plugins compatible for Editor in 2.52 ms, found 2 plugins.
Preloading 0 native plugins for Editor in 0.00 ms.
Mono: successfully reloaded assembly
- Completed reload, in 23.030 seconds
Domain Reload Profiling:
	ReloadAssembly (23033ms)
		BeginReloadAssembly (9984ms)
			ExecutionOrderSort (0ms)
			DisableScriptedObjects (9ms)
			BackupInstance (0ms)
			ReleaseScriptingObjects (0ms)
			CreateAndSetChildDomain (183ms)
		EndReloadAssembly (12905ms)
			LoadAssemblies (14398ms)
			RebuildTransferFunctionScriptingTraits (0ms)
			SetupTypeCache (3869ms)
			ReleaseScriptCaches (4ms)
			RebuildScriptCaches (95ms)
			SetupLoadedEditorAssemblies (3937ms)
				LogAssemblyErrors (0ms)
				InitializePlatformSupportModulesInManaged (11ms)
				SetLoadedEditorAssemblies (2ms)
				RefreshPlugins (3ms)
				BeforeProcessingInitializeOnLoad (194ms)
				ProcessInitializeOnLoadAttributes (900ms)
				ProcessInitializeOnLoadMethodAttributes (2816ms)
				AfterProcessingInitializeOnLoad (10ms)
				EditorAssembliesLoaded (1ms)
			ExecutionOrderSort2 (0ms)
			AwakeInstancesAfterBackupRestoration (17ms)
Platform modules already initialized, skipping
Refreshing native plugins compatible for Editor in 2.16 ms, found 2 plugins.
Preloading 0 native plugins for Editor in 0.00 ms.
Unloading 1528 Unused Serialized files (Serialized files now loaded: 0)
System memory in use before: 71.7 MB.
System memory in use after: 71.8 MB.

Unloading 14 unused Assets to reduce memory usage. Loaded Objects now: 2009.
Total: 9.915600 ms (FindLiveObjects: 0.564400 ms CreateObjectMapping: 0.446400 ms MarkObjects: 8.746900 ms  DeleteObjects: 0.153300 ms)

AssetImportParameters requested are different than current active one (requested -> active):
  custom:framework-win-MediaFoundation: 216162199b28c13a410421893ffa2e32 -> 
  custom:video-decoder-ogg-theora: a1e56fd34408186e4bbccfd4996cb3dc -> 
  custom:container-muxer-webm: aa71ff27fc2769a1b78a27578f13a17b -> 
  custom:container-demuxer-webm: 4f35f7cbe854078d1ac9338744f61a02 -> 
  custom:container-demuxer-ogg: 62fdf1f143b41e24485cea50d1cbac27 -> 
  custom:video-encoder-webm-vp8: eb34c28f22e8b96e1ab97ce403110664 -> 
  custom:video-decoder-webm-vp8: 9c59270c3fd7afecdb556c50c9e8de78 -> 
  custom:audio-decoder-ogg-vorbis: bf7c407c2cedff20999df2af8eb42d56 -> 
  custom:audio-encoder-webm-vorbis: bf7c407c2cedff20999df2af8eb42d56 -> 
========================================================================
Received Prepare
Registering precompiled user dll's ...
Registered in 0.117820 seconds.
Begin MonoManager ReloadAssembly
Native extension for WindowsStandalone target not found
Refreshing native plugins compatible for Editor in 0.38 ms, found 2 plugins.
Preloading 0 native plugins for Editor in 0.00 ms.
Mono: successfully reloaded assembly
- Completed reload, in  0.855 seconds
Domain Reload Profiling:
	ReloadAssembly (856ms)
		BeginReloadAssembly (110ms)
			ExecutionOrderSort (0ms)
			DisableScriptedObjects (4ms)
			BackupInstance (0ms)
			ReleaseScriptingObjects (0ms)
			CreateAndSetChildDomain (28ms)
		EndReloadAssembly (692ms)
			LoadAssemblies (85ms)
			RebuildTransferFunctionScriptingTraits (0ms)
			SetupTypeCache (242ms)
			ReleaseScriptCaches (1ms)
			RebuildScriptCaches (34ms)
			SetupLoadedEditorAssemblies (253ms)
				LogAssemblyErrors (0ms)
				InitializePlatformSupportModulesInManaged (4ms)
				SetLoadedEditorAssemblies (0ms)
				RefreshPlugins (0ms)
				BeforeProcessingInitializeOnLoad (65ms)
				ProcessInitializeOnLoadAttributes (171ms)
				ProcessInitializeOnLoadMethodAttributes (8ms)
				AfterProcessingInitializeOnLoad (4ms)
				EditorAssembliesLoaded (0ms)
			ExecutionOrderSort2 (0ms)
			AwakeInstancesAfterBackupRestoration (6ms)
Platform modules already initialized, skipping
Refreshing native plugins compatible for Editor in 0.40 ms, found 2 plugins.
Preloading 0 native plugins for Editor in 0.00 ms.
Unloading 1528 Unused Serialized files (Serialized files now loaded: 0)
System memory in use before: 71.7 MB.
System memory in use after: 71.8 MB.

Unloading 14 unused Assets to reduce memory usage. Loaded Objects now: 2011.
Total: 2.725200 ms (FindLiveObjects: 0.136700 ms CreateObjectMapping: 0.046900 ms MarkObjects: 2.519600 ms  DeleteObjects: 0.021400 ms)

AssetImportParameters requested are different than current active one (requested -> active):
  custom:framework-win-MediaFoundation: 216162199b28c13a410421893ffa2e32 -> 
  custom:video-decoder-ogg-theora: a1e56fd34408186e4bbccfd4996cb3dc -> 
  custom:container-muxer-webm: aa71ff27fc2769a1b78a27578f13a17b -> 
  custom:container-demuxer-webm: 4f35f7cbe854078d1ac9338744f61a02 -> 
  custom:container-demuxer-ogg: 62fdf1f143b41e24485cea50d1cbac27 -> 
  custom:video-encoder-webm-vp8: eb34c28f22e8b96e1ab97ce403110664 -> 
  custom:video-decoder-webm-vp8: 9c59270c3fd7afecdb556c50c9e8de78 -> 
  custom:audio-decoder-ogg-vorbis: bf7c407c2cedff20999df2af8eb42d56 -> 
  custom:audio-encoder-webm-vorbis: bf7c407c2cedff20999df2af8eb42d56 -> 
========================================================================
Received Import Request.
  Time since last request: 1696.214947 seconds.
  path: Assets/Tower Template/Cannon1.asset
  artifactKey: Guid(b87bd8ef0f5f27241bb85be0624556b7) Importer(815301076,1909f56bfc062723c751e8b465ee728b)
Start importing Assets/Tower Template/Cannon1.asset using Guid(b87bd8ef0f5f27241bb85be0624556b7) Importer(815301076,1909f56bfc062723c751e8b465ee728b)  -> (artifact id: '52fd8aa8178cf2b820d28a45854835d5') in 0.052290 seconds 
  Import took 0.059432 seconds .

========================================================================
Received Import Request.
  Time since last request: 0.000208 seconds.
  path: Assets/Tower Template/Sentry2.asset
  artifactKey: Guid(42f9df02cf5004f48a56773e3f5a5e43) Importer(815301076,1909f56bfc062723c751e8b465ee728b)
Start importing Assets/Tower Template/Sentry2.asset using Guid(42f9df02cf5004f48a56773e3f5a5e43) Importer(815301076,1909f56bfc062723c751e8b465ee728b)  -> (artifact id: '795ee60688ea89d30289d7e77d9cf799') in 0.027683 seconds 
  Import took 0.030364 seconds .

========================================================================
Received Import Request.
  Time since last request: 0.000281 seconds.
  path: Assets/Tower Template/Pulser2.asset
  artifactKey: Guid(40c86aa7324cd4a46a637410e167980c) Importer(815301076,1909f56bfc062723c751e8b465ee728b)
Start importing Assets/Tower Template/Pulser2.asset using Guid(40c86aa7324cd4a46a637410e167980c) Importer(815301076,1909f56bfc062723c751e8b465ee728b)  -> (artifact id: '384e7ab3930c25728b1deab7f2865647') in 0.024874 seconds 
  Import took 0.028057 seconds .

========================================================================
Received Import Request.
  Time since last request: 0.000278 seconds.
  path: Assets/Tower Template/Flamethrower2.asset
  artifactKey: Guid(d37aded2ad9c25e4e852a4ff9e1af3b8) Importer(815301076,1909f56bfc062723c751e8b465ee728b)
Start importing Assets/Tower Template/Flamethrower2.asset using Guid(d37aded2ad9c25e4e852a4ff9e1af3b8) Importer(815301076,1909f56bfc062723c751e8b465ee728b)  -> (artifact id: '3b9277d9e49d34ebe85e9016c0a8be0c') in 0.026832 seconds 
  Import took 0.029484 seconds .

========================================================================
Received Import Request.
  Time since last request: 0.000278 seconds.
  path: Assets/Tower Template/Cannon2.asset
  artifactKey: Guid(259b3214f6496734981c2eedda4a9785) Importer(815301076,1909f56bfc062723c751e8b465ee728b)
Start importing Assets/Tower Template/Cannon2.asset using Guid(259b3214f6496734981c2eedda4a9785) Importer(815301076,1909f56bfc062723c751e8b465ee728b)  -> (artifact id: '6d20928cfe02dd74b7b4b7dee3d9e993') in 0.013943 seconds 
  Import took 0.017439 seconds .

========================================================================
Received Import Request.
  Time since last request: 134.510416 seconds.
  path: Assets/Prerabs/CreepPrefab.prefab
  artifactKey: Guid(4f5fe6aea84e7ad47a5fb33cbfc65d6e) Importer(815301076,1909f56bfc062723c751e8b465ee728b)
Start importing Assets/Prerabs/CreepPrefab.prefab using Guid(4f5fe6aea84e7ad47a5fb33cbfc65d6e) Importer(815301076,1909f56bfc062723c751e8b465ee728b)  -> (artifact id: 'c3e3534cd218b2bd72e4b6e03779c340') in 0.128084 seconds 
  Import took 0.132174 seconds .

========================================================================
Received Import Request.
  Time since last request: 14.826947 seconds.
  path: Assets/Prerabs/CreepPrefab.prefab
  artifactKey: Guid(4f5fe6aea84e7ad47a5fb33cbfc65d6e) Importer(815301076,1909f56bfc062723c751e8b465ee728b)
Start importing Assets/Prerabs/CreepPrefab.prefab using Guid(4f5fe6aea84e7ad47a5fb33cbfc65d6e) Importer(815301076,1909f56bfc062723c751e8b465ee728b)  -> (artifact id: '98a5596e154361b34cd0c10421ef16fc') in 0.039967 seconds 
  Import took 0.043454 seconds .

========================================================================
Received Import Request.
  Time since last request: 121.818867 seconds.
  path: Assets/Prerabs/CreepPrefab.prefab
  artifactKey: Guid(4f5fe6aea84e7ad47a5fb33cbfc65d6e) Importer(815301076,1909f56bfc062723c751e8b465ee728b)
Start importing Assets/Prerabs/CreepPrefab.prefab using Guid(4f5fe6aea84e7ad47a5fb33cbfc65d6e) Importer(815301076,1909f56bfc062723c751e8b465ee728b)  -> (artifact id: 'b2678e3ea24736bbba68715803ce97a5') in 0.038549 seconds 
  Import took 0.042024 seconds .

========================================================================
Received Import Request.
  Time since last request: 18.502655 seconds.
  path: Assets/Prerabs/CreepPrefab.prefab
  artifactKey: Guid(4f5fe6aea84e7ad47a5fb33cbfc65d6e) Importer(815301076,1909f56bfc062723c751e8b465ee728b)
Start importing Assets/Prerabs/CreepPrefab.prefab using Guid(4f5fe6aea84e7ad47a5fb33cbfc65d6e) Importer(815301076,1909f56bfc062723c751e8b465ee728b)  -> (artifact id: '3f91a2b03bbba60ccb4ae533d8e9a6f8') in 0.033912 seconds 
  Import took 0.037907 seconds .

========================================================================
Received Import Request.
  Time since last request: 10.037120 seconds.
  path: Assets/Prerabs/CreepPrefab.prefab
  artifactKey: Guid(4f5fe6aea84e7ad47a5fb33cbfc65d6e) Importer(815301076,1909f56bfc062723c751e8b465ee728b)
Start importing Assets/Prerabs/CreepPrefab.prefab using Guid(4f5fe6aea84e7ad47a5fb33cbfc65d6e) Importer(815301076,1909f56bfc062723c751e8b465ee728b)  -> (artifact id: '246d945d3fb96abcccb8bbd9a4dfb611') in 0.037284 seconds 
  Import took 0.041258 seconds .

========================================================================
Received Import Request.
  Time since last request: 5.209956 seconds.
  path: Assets/Prerabs/CreepPrefab.prefab
  artifactKey: Guid(4f5fe6aea84e7ad47a5fb33cbfc65d6e) Importer(815301076,1909f56bfc062723c751e8b465ee728b)
Start importing Assets/Prerabs/CreepPrefab.prefab using Guid(4f5fe6aea84e7ad47a5fb33cbfc65d6e) Importer(815301076,1909f56bfc062723c751e8b465ee728b)  -> (artifact id: 'cbbdf0c394bff15736d00f23bd53d639') in 0.032836 seconds 
  Import took 0.036772 seconds .

========================================================================
Received Prepare
Registering precompiled user dll's ...
Registered in 2.326376 seconds.
Begin MonoManager ReloadAssembly
Native extension for WindowsStandalone target not found
Refreshing native plugins compatible for Editor in 2.37 ms, found 2 plugins.
Preloading 0 native plugins for Editor in 0.00 ms.
Mono: successfully reloaded assembly
- Completed reload, in 23.608 seconds
Domain Reload Profiling:
	ReloadAssembly (23610ms)
		BeginReloadAssembly (10036ms)
			ExecutionOrderSort (0ms)
			DisableScriptedObjects (10ms)
			BackupInstance (0ms)
			ReleaseScriptingObjects (0ms)
			CreateAndSetChildDomain (118ms)
		EndReloadAssembly (13434ms)
			LoadAssemblies (14483ms)
			RebuildTransferFunctionScriptingTraits (0ms)
			SetupTypeCache (4156ms)
			ReleaseScriptCaches (5ms)
			RebuildScriptCaches (101ms)
			SetupLoadedEditorAssemblies (4173ms)
				LogAssemblyErrors (0ms)
				InitializePlatformSupportModulesInManaged (15ms)
				SetLoadedEditorAssemblies (2ms)
				RefreshPlugins (3ms)
				BeforeProcessingInitializeOnLoad (195ms)
				ProcessInitializeOnLoadAttributes (956ms)
				ProcessInitializeOnLoadMethodAttributes (2990ms)
				AfterProcessingInitializeOnLoad (11ms)
				EditorAssembliesLoaded (2ms)
			ExecutionOrderSort2 (0ms)
			AwakeInstancesAfterBackupRestoration (23ms)
Platform modules already initialized, skipping
Refreshing native plugins compatible for Editor in 1.06 ms, found 2 plugins.
Preloading 0 native plugins for Editor in 0.00 ms.
Unloading 1528 Unused Serialized files (Serialized files now loaded: 0)
System memory in use before: 74.7 MB.
System memory in use after: 74.8 MB.

Unloading 14 unused Assets to reduce memory usage. Loaded Objects now: 2020.
Total: 9.251900 ms (FindLiveObjects: 0.847600 ms CreateObjectMapping: 0.183600 ms MarkObjects: 7.926300 ms  DeleteObjects: 0.285700 ms)

AssetImportParameters requested are different than current active one (requested -> active):
  custom:framework-win-MediaFoundation: 216162199b28c13a410421893ffa2e32 -> 
  custom:video-decoder-ogg-theora: a1e56fd34408186e4bbccfd4996cb3dc -> 
  custom:container-muxer-webm: aa71ff27fc2769a1b78a27578f13a17b -> 
  custom:container-demuxer-webm: 4f35f7cbe854078d1ac9338744f61a02 -> 
  custom:container-demuxer-ogg: 62fdf1f143b41e24485cea50d1cbac27 -> 
  custom:video-encoder-webm-vp8: eb34c28f22e8b96e1ab97ce403110664 -> 
  custom:video-decoder-webm-vp8: 9c59270c3fd7afecdb556c50c9e8de78 -> 
  custom:audio-decoder-ogg-vorbis: bf7c407c2cedff20999df2af8eb42d56 -> 
  custom:audio-encoder-webm-vorbis: bf7c407c2cedff20999df2af8eb42d56 -> 
========================================================================
Received Import Request.
  Time since last request: 875.377662 seconds.
  path: Assets/Creep Template/Basic.asset
  artifactKey: Guid(0ced22ddbd66d234084ff31dcdfe6929) Importer(815301076,1909f56bfc062723c751e8b465ee728b)
Start importing Assets/Creep Template/Basic.asset using Guid(0ced22ddbd66d234084ff31dcdfe6929) Importer(815301076,1909f56bfc062723c751e8b465ee728b)  -> (artifact id: 'cf22919d9f57979b1c37edfbf10d1f01') in 0.028122 seconds 
  Import took 0.031863 seconds .

========================================================================
Received Import Request.
  Time since last request: 0.000230 seconds.
  path: Assets/Creep Template/Boss.asset
  artifactKey: Guid(7a8ad44e755fbb8459da35bd002e3ef8) Importer(815301076,1909f56bfc062723c751e8b465ee728b)
Start importing Assets/Creep Template/Boss.asset using Guid(7a8ad44e755fbb8459da35bd002e3ef8) Importer(815301076,1909f56bfc062723c751e8b465ee728b)  -> (artifact id: '50e3faceb3a1e1bd9c355edb2c33292e') in 0.030452 seconds 
  Import took 0.033006 seconds .

========================================================================
Received Import Request.
  Time since last request: 0.000268 seconds.
  path: Assets/Creep Template/Fast.asset
  artifactKey: Guid(62f00e3637e4e8e4fbabdbaf6ad72323) Importer(815301076,1909f56bfc062723c751e8b465ee728b)
Start importing Assets/Creep Template/Fast.asset using Guid(62f00e3637e4e8e4fbabdbaf6ad72323) Importer(815301076,1909f56bfc062723c751e8b465ee728b)  -> (artifact id: '0577c948a6981f5407d1230e43638423') in 0.026226 seconds 
  Import took 0.029363 seconds .

========================================================================
Received Import Request.
  Time since last request: 0.000269 seconds.
  path: Assets/Creep Template/Tank.asset
  artifactKey: Guid(5075f0fa0600ba24a9838beb606ef2c2) Importer(815301076,1909f56bfc062723c751e8b465ee728b)
Start importing Assets/Creep Template/Tank.asset using Guid(5075f0fa0600ba24a9838beb606ef2c2) Importer(815301076,1909f56bfc062723c751e8b465ee728b)  -> (artifact id: 'a8a83151c9324e21af740b7309d16b3e') in 0.026823 seconds 
  Import took 0.029279 seconds .

========================================================================
Received Import Request.
  Time since last request: 54.514008 seconds.
  path: Assets/Creep Template/Boss.asset
  artifactKey: Guid(7a8ad44e755fbb8459da35bd002e3ef8) Importer(815301076,1909f56bfc062723c751e8b465ee728b)
Start importing Assets/Creep Template/Boss.asset using Guid(7a8ad44e755fbb8459da35bd002e3ef8) Importer(815301076,1909f56bfc062723c751e8b465ee728b)  -> (artifact id: 'b0f73d354fc43e2488c035d54d5b6523') in 0.007780 seconds 
  Import took 0.013052 seconds .

========================================================================
Received Import Request.
  Time since last request: 0.000368 seconds.
  path: Assets/Creep Template/Fast.asset
  artifactKey: Guid(62f00e3637e4e8e4fbabdbaf6ad72323) Importer(815301076,1909f56bfc062723c751e8b465ee728b)
Start importing Assets/Creep Template/Fast.asset using Guid(62f00e3637e4e8e4fbabdbaf6ad72323) Importer(815301076,1909f56bfc062723c751e8b465ee728b)  -> (artifact id: '9ef24c7e29e1a72933f5cfaf5e4fe392') in 0.009260 seconds 
  Import took 0.014104 seconds .

========================================================================
Received Import Request.
  Time since last request: 0.000211 seconds.
  path: Assets/Creep Template/Tank.asset
  artifactKey: Guid(5075f0fa0600ba24a9838beb606ef2c2) Importer(815301076,1909f56bfc062723c751e8b465ee728b)
Start importing Assets/Creep Template/Tank.asset using Guid(5075f0fa0600ba24a9838beb606ef2c2) Importer(815301076,1909f56bfc062723c751e8b465ee728b)  -> (artifact id: 'a8ecbebf65d57f20a67c88ed7a6c5ace') in 0.008729 seconds 
  Import took 0.014178 seconds .

========================================================================
Received Import Request.
  Time since last request: 23.521977 seconds.
  path: Assets/Scenes/Map 1.unity
  artifactKey: Guid(46137c172b6e8424a924b7313205f5df) Importer(815301076,1909f56bfc062723c751e8b465ee728b)
Start importing Assets/Scenes/Map 1.unity using Guid(46137c172b6e8424a924b7313205f5df) Importer(815301076,1909f56bfc062723c751e8b465ee728b)  -> (artifact id: 'ae73591b948eed0d6fe5d6f860eb5557') in 0.012140 seconds 
  Import took 0.016192 seconds .

========================================================================
Received Import Request.
  Time since last request: 27.057541 seconds.
  path: Assets/Scenes/Map 2.unity
  artifactKey: Guid(b07f71a323a41ff43bb50f58eaab5971) Importer(815301076,1909f56bfc062723c751e8b465ee728b)
Start importing Assets/Scenes/Map 2.unity using Guid(b07f71a323a41ff43bb50f58eaab5971) Importer(815301076,1909f56bfc062723c751e8b465ee728b)  -> (artifact id: 'aa9851b159c3b232a70ca000cc1a147d') in 0.014989 seconds 
  Import took 0.021550 seconds .

========================================================================
Received Import Request.
  Time since last request: 86.179448 seconds.
  path: Assets/Scenes/Map 4.unity
  artifactKey: Guid(22a9d49833a31944b84b17f6c08a2107) Importer(815301076,1909f56bfc062723c751e8b465ee728b)
Start importing Assets/Scenes/Map 4.unity using Guid(22a9d49833a31944b84b17f6c08a2107) Importer(815301076,1909f56bfc062723c751e8b465ee728b)  -> (artifact id: 'f43b2c8b51103b71f3bed90e7f916232') in 0.048954 seconds 
  Import took 0.053461 seconds .

AssetImportWorkerClient::OnTransportError - code=2 error=End of file
